

Processing ExampleController#piechart (for 127.0.0.1 at 2010-04-16 00:18:02) [GET]

ActionController::UnknownAction (No action responded to piechart. Actions: annotated_time_line, area_chart, bar_chart, column_chart, gauge, image_spark_line, index, intensity_map, line_chart, map, motion_chart, org_chart, pie_chart, scatter_chart, and table):
  <internal:prelude>:8:in `synchronize'
  /usr/local/lib/ruby/1.9.1/webrick/httpserver.rb:111:in `service'
  /usr/local/lib/ruby/1.9.1/webrick/httpserver.rb:70:in `run'
  /usr/local/lib/ruby/1.9.1/webrick/server.rb:183:in `block in start_thread'

Rendering rescues/layout (not_found)


Processing ExampleController#pie_chart (for 127.0.0.1 at 2010-04-16 00:18:15) [GET]
Rendering template within layouts/default
Rendering example/pie_chart
Completed in 109ms (View: 107 | 200 OK [http://localhost/example/pie_chart]


Processing ExampleController#pie_chart (for 127.0.0.1 at 2010-04-16 00:18:27) [GET]
Rendering template within layouts/default
Rendering example/pie_chart
Completed in 4ms (View: 3 | 200 OK [http://localhost/example/pie_chart]


Processing ExampleController#pie_chart (for 127.0.0.1 at 2010-04-16 00:19:09) [GET]
Rendering template within layouts/default
Rendering example/pie_chart
Completed in 5ms (View: 3 | 200 OK [http://localhost/example/pie_chart]


Processing ExampleController#pie_chart (for 127.0.0.1 at 2010-04-16 00:20:40) [GET]
Rendering template within layouts/default
Rendering example/pie_chart
Completed in 4ms (View: 3 | 200 OK [http://localhost/example/pie_chart]


Processing ApplicationController#index (for 127.0.0.1 at 2010-04-20 22:05:41) [GET]
Rendering template within layouts/default
Rendering application/index
Completed in 84ms (View: 82 | 200 OK [http://localhost/]


Processing ExampleController#annotated_time_line (for 127.0.0.1 at 2010-04-20 22:05:55) [GET]
Rendering template within layouts/default
Rendering example/annotated_time_line
Completed in 25ms (View: 21 | 200 OK [http://localhost/example/annotated_time_line]


Processing ExampleController#area_chart (for 127.0.0.1 at 2010-04-20 22:05:57) [GET]
Rendering template within layouts/default
Rendering example/area_chart
Completed in 30ms (View: 29 | 200 OK [http://localhost/example/area_chart]


Processing ExampleController#bar_chart (for 127.0.0.1 at 2010-04-20 22:05:58) [GET]
Rendering template within layouts/default
Rendering example/bar_chart
Completed in 18ms (View: 17 | 200 OK [http://localhost/example/bar_chart]


Processing ExampleController#gauge (for 127.0.0.1 at 2010-04-20 22:06:01) [GET]
Rendering template within layouts/default
Rendering example/gauge
Completed in 39ms (View: 38 | 200 OK [http://localhost/example/gauge]


Processing ExampleController#image_spark_line (for 127.0.0.1 at 2010-04-20 22:06:02) [GET]
Rendering template within layouts/default
Rendering example/image_spark_line
Completed in 15ms (View: 13 | 200 OK [http://localhost/example/image_spark_line]


Processing ExampleController#map (for 127.0.0.1 at 2010-04-20 22:06:10) [GET]
Rendering template within layouts/default
Rendering example/map
Completed in 28ms (View: 26 | 200 OK [http://localhost/example/map]


Processing ExampleController#motion_chart (for 127.0.0.1 at 2010-04-20 22:06:11) [GET]
Rendering template within layouts/default
Rendering example/motion_chart
Completed in 34ms (View: 31 | 200 OK [http://localhost/example/motion_chart]


Processing ExampleController#org_chart (for 127.0.0.1 at 2010-04-20 22:06:11) [GET]
Rendering template within layouts/default
Rendering example/org_chart
Completed in 14ms (View: 12 | 200 OK [http://localhost/example/org_chart]


Processing ExampleController#pie_chart (for 127.0.0.1 at 2010-04-20 22:06:12) [GET]
Rendering template within layouts/default
Rendering example/pie_chart
Completed in 41ms (View: 39 | 200 OK [http://localhost/example/pie_chart]


Processing DocsController#index (for 127.0.0.1 at 2010-04-20 22:15:34) [GET]
Rendering template within layouts/default
Rendering docs/index
Completed in 85ms (View: 82 | 200 OK [http://localhost/docs]


Processing DocsController#index (for 127.0.0.1 at 2010-04-20 22:16:49) [GET]
Rendering template within layouts/default
Rendering docs/index
Completed in 25ms (View: 22 | 200 OK [http://localhost/docs]


Processing DocsController#index (for 127.0.0.1 at 2010-04-20 22:18:24) [GET]
Rendering template within layouts/default
Rendering docs/index
Completed in 25ms (View: 20 | 200 OK [http://localhost/docs]


Processing DocsController#index (for 127.0.0.1 at 2010-04-20 22:19:13) [GET]
Rendering template within layouts/default
Rendering docs/index
Completed in 18ms (View: 16 | 200 OK [http://localhost/docs]
